<?xml version="1.0" ?>
<!DOCTYPE coverage SYSTEM "http://cobertura.sourceforge.net/xml/coverage-04.dtd">
<coverage lines-valid="10"  lines-covered="10"  line-rate="1"  branches-valid="10"  branches-covered="6"  branch-rate="0.6"  timestamp="1492798183752" complexity="0" version="0.1">
<sources>
	<source>/home/hitesh/Desktop/karma-jasmine-es6</source>
</sources>
<packages>
	<package name="src"  line-rate="1"  branch-rate="0.6" >
	<classes>
		<class name="calculator.js"  filename="src/calculator.js"  line-rate="1"  branch-rate="0.6" >
		<methods>
			<method name="(anonymous_0)"  hits="1"  signature="()V" >
				<lines><line number="7"  hits="1" /></lines>
			</method>
			<method name="defineProperties"  hits="1"  signature="()V" >
				<lines><line number="7"  hits="1" /></lines>
			</method>
			<method name="(anonymous_2)"  hits="1"  signature="()V" >
				<lines><line number="7"  hits="1" /></lines>
			</method>
			<method name="_classCallCheck"  hits="2"  signature="()V" >
				<lines><line number="9"  hits="2" /></lines>
			</method>
			<method name="(anonymous_4)"  hits="1"  signature="()V" >
				<lines><line number="11"  hits="1" /></lines>
			</method>
			<method name="Calculator"  hits="2"  signature="()V" >
				<lines><line number="12"  hits="2" /></lines>
			</method>
			<method name="add"  hits="1"  signature="()V" >
				<lines><line number="18"  hits="1" /></lines>
			</method>
			<method name="multiply"  hits="1"  signature="()V" >
				<lines><line number="23"  hits="1" /></lines>
			</method>
		</methods>
		<lines>
			<line number="3"  hits="1"  branch="false" />
			<line number="7"  hits="2"  branch="true"  condition-coverage="62.5% (5/8)" />
			<line number="9"  hits="2"  branch="true"  condition-coverage="50% (1/2)" />
			<line number="11"  hits="1"  branch="false" />
			<line number="13"  hits="2"  branch="false" />
			<line number="16"  hits="1"  branch="false" />
			<line number="19"  hits="1"  branch="false" />
			<line number="24"  hits="1"  branch="false" />
			<line number="28"  hits="1"  branch="false" />
			<line number="31"  hits="1"  branch="false" />
		</lines>
		</class>
	</classes>
	</package>
</packages>
</coverage>
