TN:
SF:D:\Naukri Codebase FED\karma-jasmine-es6-enhance\src\calculator.js
FN:7,(anonymous_0)
FN:7,defineProperties
FN:7,(anonymous_2)
FN:9,_classCallCheck
FN:11,(anonymous_4)
FN:12,Calculator
FN:18,add
FN:23,multiply
FNF:8
FNH:8
FNDA:1,(anonymous_0)
FNDA:1,defineProperties
FNDA:1,(anonymous_2)
FNDA:2,_classCallCheck
FNDA:1,(anonymous_4)
FNDA:2,Calculator
FNDA:1,add
FNDA:1,multiply
DA:3,1
DA:7,2
DA:9,2
DA:11,1
DA:13,2
DA:16,1
DA:19,1
DA:24,1
DA:28,1
DA:31,1
LF:10
LH:10
BRDA:7,0,0,2
BRDA:7,0,1,2
BRDA:7,1,0,2
BRDA:7,1,1,0
BRDA:7,2,0,1
BRDA:7,2,1,0
BRDA:7,3,0,0
BRDA:7,3,1,1
BRDA:9,4,0,0
BRDA:9,4,1,2
BRF:10
BRH:6
end_of_record
