<?xml version="1.0"?>
<testsuite name="PhantomJS 1.9.8 (Linux 0.0.0)" package="" timestamp="2017-04-23T12:16:20" id="0" hostname="hitesh-Latitude-E6540" tests="2" errors="0" failures="0" time="0">
  <properties>
    <property name="browser.fullName" value="Mozilla/5.0 (Unknown; Linux x86_64) AppleWebKit/534.34 (KHTML, like Gecko) PhantomJS/1.9.8 Safari/534.34"/>
  </properties>
  <testcase name="Calculator should add two numbers" time="0" classname="Calculator"/>
  <testcase name="Calculator should multiply two numbers" time="0" classname="Calculator"/>
  <system-out>
    <![CDATA[
]]>
  </system-out>
  <system-err/>
</testsuite>